----------------------------------------------
23:08:44 del giorno 09/25/2024, DESKTOP-P40RAF9, Windows, nicdb.py, Programma iniziato alle ore 23:08:44 del giorno 09/25/2024
23:08:45 del giorno 09/25/2024, DESKTOP-P40RAF9, Windows, nicdb.py, Programma terminato alle ore 23:08:45 del giorno 09/25/2024
23:08:45 del giorno 09/25/2024, DESKTOP-P40RAF9, Windows, nicdb.py, Programma terminato alle ore 23:08:45 del giorno 09/25/2024
----------------------------------------------
23:10:51 del giorno 09/25/2024, DESKTOP-P40RAF9, Windows, nicdb.py, Programma iniziato alle ore 23:10:51 del giorno 09/25/2024
File: nicdb.py, Message: prova, Time: 23:10:51 del giorno 09/25/2024
23:10:51 del giorno 09/25/2024, DESKTOP-P40RAF9, Windows, nicdb.py, Programma terminato alle ore 23:10:51 del giorno 09/25/2024
----------------------------------------------
23:12:19 del giorno 09/25/2024, DESKTOP-P40RAF9, Windows, nicdb.py, Programma iniziato alle ore 23:12:19 del giorno 09/25/2024
----------------------------------------------
23:14:20 del giorno 09/25/2024, DESKTOP-P40RAF9, Windows, nicdb.py, Programma iniziato alle ore 23:14:20 del giorno 09/25/2024
File: nicdb.py, Message: prova, Time: 23:14:20 del giorno 09/25/2024
23:14:20 del giorno 09/25/2024, DESKTOP-P40RAF9, Windows, nicdb.py, Programma terminato alle ore 23:14:20 del giorno 09/25/2024
----------------------------------------------
23:16:00 del giorno 09/25/2024, DESKTOP-P40RAF9, Windows, nicdb.py, Programma iniziato alle ore 23:16:00 del giorno 09/25/2024
----------------------------------------------
23:16:31 del giorno 09/25/2024, DESKTOP-P40RAF9, Windows, nicdb.py, Programma iniziato alle ore 23:16:31 del giorno 09/25/2024
File: nicdb.py, Message: prova, Time: 23:16:31 del giorno 09/25/2024
23:16:31 del giorno 09/25/2024, DESKTOP-P40RAF9, Windows, nicdb.py, Programma terminato alle ore 23:16:31 del giorno 09/25/2024
----------------------------------------------
23:17:45 del giorno 09/25/2024, DESKTOP-P40RAF9, Windows, nicdb.py, Programma iniziato alle ore 23:17:45 del giorno 09/25/2024
File: nicdb.py, Message: prova, Time: 23:17:45 del giorno 09/25/2024
23:17:45 del giorno 09/25/2024, DESKTOP-P40RAF9, Windows, nicdb.py, Programma terminato alle ore 23:17:45 del giorno 09/25/2024
----------------------------------------------
23:19:41 del giorno 09/25/2024, DESKTOP-P40RAF9, Windows, nicdb.py, Programma iniziato alle ore 23:19:41 del giorno 09/25/2024
File: nicdb.py, Message: prova, Time: 23:19:41 del giorno 09/25/2024
23:19:41 del giorno 09/25/2024, DESKTOP-P40RAF9, Windows, nicdb.py, Programma terminato alle ore 23:19:41 del giorno 09/25/2024
----------------------------------------------
23:20:18 del giorno 09/25/2024, DESKTOP-P40RAF9, Windows, nicdb.py, Programma iniziato alle ore 23:20:18 del giorno 09/25/2024
File: nicdb.py, Message: nic ricavate, Time: 23:20:18 del giorno 09/25/2024
23:20:18 del giorno 09/25/2024, DESKTOP-P40RAF9, Windows, nicdb.py, Programma terminato alle ore 23:20:18 del giorno 09/25/2024
----------------------------------------------
23:21:01 del giorno 09/25/2024, DESKTOP-P40RAF9, Windows, nicdb.py, Programma iniziato alle ore 23:21:01 del giorno 09/25/2024
File: nicdb.py, Message: nic ricavate, Time: 23:21:02 del giorno 09/25/2024
23:21:02 del giorno 09/25/2024, DESKTOP-P40RAF9, Windows, nicdb.py, Programma terminato alle ore 23:21:02 del giorno 09/25/2024
----------------------------------------------
23:21:30 del giorno 09/25/2024, DESKTOP-P40RAF9, Windows, nicdb.py, Programma iniziato alle ore 23:21:30 del giorno 09/25/2024
File: nicdb.py, Message: nic ricavate, Time: 23:21:30 del giorno 09/25/2024
23:21:30 del giorno 09/25/2024, DESKTOP-P40RAF9, Windows, nicdb.py, Programma terminato alle ore 23:21:30 del giorno 09/25/2024
----------------------------------------------
23:24:48 del giorno 09/25/2024, DESKTOP-P40RAF9, Windows, nicdb.py, Programma iniziato alle ore 23:24:48 del giorno 09/25/2024
File: nicdb.py, Message: nic ricavate, Time: 23:24:49 del giorno 09/25/2024
23:24:49 del giorno 09/25/2024, DESKTOP-P40RAF9, Windows, nicdb.py, Programma terminato alle ore 23:24:49 del giorno 09/25/2024
----------------------------------------------
23:28:19 del giorno 09/25/2024, DESKTOP-P40RAF9, Windows, nicdb.py, Programma iniziato alle ore 23:28:19 del giorno 09/25/2024
----------------------------------------------
23:29:39 del giorno 09/25/2024, DESKTOP-P40RAF9, Windows, nicdb.py, Programma iniziato alle ore 23:29:39 del giorno 09/25/2024
File: nicdb.py, Error: <unknown>.PhysicalAdapter, Time: 23:29:39 del giorno 09/25/2024
23:29:39 del giorno 09/25/2024, DESKTOP-P40RAF9, Windows, nicdb.py, Programma terminato alle ore 23:29:39 del giorno 09/25/2024
----------------------------------------------
23:30:50 del giorno 09/25/2024, DESKTOP-P40RAF9, Windows, nicdb.py, Programma iniziato alle ore 23:30:50 del giorno 09/25/2024
File: nicdb.py, Error: <unknown>.PhysicalAdapter, Time: 23:30:50 del giorno 09/25/2024
23:30:50 del giorno 09/25/2024, DESKTOP-P40RAF9, Windows, nicdb.py, Programma terminato alle ore 23:30:50 del giorno 09/25/2024
----------------------------------------------
23:31:03 del giorno 09/25/2024, DESKTOP-P40RAF9, Windows, nicdb.py, Programma iniziato alle ore 23:31:03 del giorno 09/25/2024
File: nicdb.py, Error: <unknown>.PhysicalAdapter, Time: 23:31:04 del giorno 09/25/2024
23:31:04 del giorno 09/25/2024, DESKTOP-P40RAF9, Windows, nicdb.py, Programma terminato alle ore 23:31:04 del giorno 09/25/2024
----------------------------------------------
23:31:25 del giorno 09/25/2024, DESKTOP-P40RAF9, Windows, nicdb.py, Programma iniziato alle ore 23:31:25 del giorno 09/25/2024
File: nicdb.py, Error: <unknown>.PhysicalAdapter, Time: 23:31:25 del giorno 09/25/2024
23:31:25 del giorno 09/25/2024, DESKTOP-P40RAF9, Windows, nicdb.py, Programma terminato alle ore 23:31:25 del giorno 09/25/2024
----------------------------------------------
23:33:01 del giorno 09/25/2024, DESKTOP-P40RAF9, Windows, nicdb.py, Programma iniziato alle ore 23:33:01 del giorno 09/25/2024
File: nicdb.py, Error: <unknown>.Name, Time: 23:33:02 del giorno 09/25/2024
23:33:02 del giorno 09/25/2024, DESKTOP-P40RAF9, Windows, nicdb.py, Programma terminato alle ore 23:33:02 del giorno 09/25/2024
----------------------------------------------
23:33:52 del giorno 09/25/2024, DESKTOP-P40RAF9, Windows, nicdb.py, Programma iniziato alle ore 23:33:52 del giorno 09/25/2024
File: nicdb.py, Message: nic ricavate, Time: 23:33:52 del giorno 09/25/2024
23:33:52 del giorno 09/25/2024, DESKTOP-P40RAF9, Windows, nicdb.py, Programma terminato alle ore 23:33:52 del giorno 09/25/2024
----------------------------------------------
23:34:30 del giorno 09/25/2024, DESKTOP-P40RAF9, Windows, nicdb.py, Programma iniziato alle ore 23:34:30 del giorno 09/25/2024
File: nicdb.py, Message: nic ricavate, Time: 23:34:30 del giorno 09/25/2024
23:34:30 del giorno 09/25/2024, DESKTOP-P40RAF9, Windows, nicdb.py, Programma terminato alle ore 23:34:30 del giorno 09/25/2024
----------------------------------------------
23:37:25 del giorno 09/25/2024, DESKTOP-P40RAF9, Windows, nicdb.py, Programma iniziato alle ore 23:37:25 del giorno 09/25/2024
File: nicdb.py, Message: nic ricavate, Time: 23:37:25 del giorno 09/25/2024
23:37:25 del giorno 09/25/2024, DESKTOP-P40RAF9, Windows, nicdb.py, Programma terminato alle ore 23:37:25 del giorno 09/25/2024
----------------------------------------------
23:39:22 del giorno 09/25/2024, DESKTOP-P40RAF9, Windows, nicdb.py, Programma iniziato alle ore 23:39:22 del giorno 09/25/2024
File: nicdb.py, Message: nic ricavate, Time: 23:39:23 del giorno 09/25/2024
23:39:23 del giorno 09/25/2024, DESKTOP-P40RAF9, Windows, nicdb.py, Programma terminato alle ore 23:39:23 del giorno 09/25/2024
----------------------------------------------
23:40:36 del giorno 09/25/2024, DESKTOP-P40RAF9, Windows, nicdb.py, Programma iniziato alle ore 23:40:36 del giorno 09/25/2024
File: nicdb.py, Message: nic ricavate, Time: 23:40:37 del giorno 09/25/2024
23:40:37 del giorno 09/25/2024, DESKTOP-P40RAF9, Windows, nicdb.py, Programma terminato alle ore 23:40:37 del giorno 09/25/2024
----------------------------------------------
23:59:46 del giorno 09/25/2024, DESKTOP-P40RAF9, Windows, nicdb.py, Programma iniziato alle ore 23:59:46 del giorno 09/25/2024
File: nicdb.py, Message: nic ricavate, Time: 23:59:47 del giorno 09/25/2024
File: nicdb.py, Error: 'datetime.datetime' object is not subscriptable, Time: 23:59:47 del giorno 09/25/2024
23:59:47 del giorno 09/25/2024, DESKTOP-P40RAF9, Windows, nicdb.py, Programma terminato alle ore 23:59:47 del giorno 09/25/2024
----------------------------------------------
00:01:31 del giorno 09/26/2024, DESKTOP-P40RAF9, Windows, nicdb.py, Programma iniziato alle ore 00:01:31 del giorno 09/26/2024
File: nicdb.py, Message: nic ricavate, Time: 00:01:31 del giorno 09/26/2024
File: nicdb.py, Error: <unknown>.get, Time: 00:01:31 del giorno 09/26/2024
00:01:31 del giorno 09/26/2024, DESKTOP-P40RAF9, Windows, nicdb.py, Programma terminato alle ore 00:01:31 del giorno 09/26/2024
----------------------------------------------
00:02:02 del giorno 09/26/2024, DESKTOP-P40RAF9, Windows, nicdb.py, Programma iniziato alle ore 00:02:02 del giorno 09/26/2024
File: nicdb.py, Message: nic ricavate, Time: 00:02:02 del giorno 09/26/2024
File: nicdb.py, Error: <unknown>.get, Time: 00:02:02 del giorno 09/26/2024
00:02:02 del giorno 09/26/2024, DESKTOP-P40RAF9, Windows, nicdb.py, Programma terminato alle ore 00:02:02 del giorno 09/26/2024
----------------------------------------------
00:03:38 del giorno 09/26/2024, DESKTOP-P40RAF9, Windows, nicdb.py, Programma iniziato alle ore 00:03:38 del giorno 09/26/2024
File: nicdb.py, Message: nic ricavate, Time: 00:03:39 del giorno 09/26/2024
00:03:39 del giorno 09/26/2024, DESKTOP-P40RAF9, Windows, nicdb.py, Programma terminato alle ore 00:03:39 del giorno 09/26/2024
----------------------------------------------
00:10:53 del giorno 09/26/2024, DESKTOP-P40RAF9, Windows, nicdb.py, Programma iniziato alle ore 00:10:53 del giorno 09/26/2024
File: nicdb.py, Message: nic ricavate, Time: 00:10:54 del giorno 09/26/2024
File: nicdb.py, Message: salvataggio nel csv, Time: 00:10:54 del giorno 09/26/2024
File: nicdb.py, Message: crezione comandi per tabella sql, Time: 00:10:54 del giorno 09/26/2024
00:10:54 del giorno 09/26/2024, DESKTOP-P40RAF9, Windows, nicdb.py, Programma terminato alle ore 00:10:54 del giorno 09/26/2024
----------------------------------------------
10:13:51 del giorno 09/26/2024, W11STAT-7-207, Windows, nicdb.py, Programma iniziato alle ore 10:13:51 del giorno 09/26/2024
File: nicdb.py, Message: nic ricavate, Time: 10:13:51 del giorno 09/26/2024
File: nicdb.py, Message: salvataggio nel csv, Time: 10:13:51 del giorno 09/26/2024
File: nicdb.py, Message: crezione comandi per tabella sql, Time: 10:13:51 del giorno 09/26/2024
10:13:51 del giorno 09/26/2024, W11STAT-7-207, Windows, nicdb.py, Programma terminato alle ore 10:13:51 del giorno 09/26/2024
----------------------------------------------
10:36:33 del giorno 09/26/2024, W11STAT-7-207, Windows, create_db.py, Programma iniziato alle ore 10:36:33 del giorno 09/26/2024
10:36:33 del giorno 09/26/2024, W11STAT-7-207, Windows, create_db.py, Programma terminato alle ore 10:36:33 del giorno 09/26/2024
----------------------------------------------
10:37:21 del giorno 09/26/2024, W11STAT-7-207, Windows, create_db.py, Programma iniziato alle ore 10:37:21 del giorno 09/26/2024
10:37:21 del giorno 09/26/2024, W11STAT-7-207, Windows, create_db.py, Programma terminato alle ore 10:37:21 del giorno 09/26/2024
